counting The zoo animals
Doggie
Dog
Douglas
Dog
Charmer
Cat
Cathy
Cat
Ryan
Rhino
Ramdan
Rhino
Waleed
Wolf
Will
Wolf
Wake Up!
Doggie woke up
Douglas woke up
Charmer woke up
Cathy woke up
Ryan woke up
Waleed woke up
Will woke up
Ramdan woke up
Eat!
Doggie is eating
Douglas is eating
Waleed is eating
Ramdan is eating
Time to open the zoo!
Charmer 'Mooooooooooo!'
Doggie 'woof-woof!'
Cathy 'Meow!'
Waleed 'Ahhhh Wooooooooooo!'
Ryan Loud Rhino sounds!
Charmer 'Mooooooooooo!'
Will 'Ahhhh Wooooooooooo!'
Cathy 'Mooooooooooo!'
The zoo is closed
Charmer is roaming Will is running Ryan is traveling Douglas is running Cathy 'Mooooooooooo!'
Time to sleep
Charmer is sleeping
Doggie is sleeping
Douglas is sleeping
Ryan is sleeping
Ramdan is sleeping
Waleed is sleeping
Will is sleeping
Cathy 'Meow!'
Cathy is sleeping

Process finished with exit code 0